<?xml version="1.0" encoding="UTF-8"?>
<testng-results skipped="0" failed="0" ignored="0" total="1" passed="1">
  <reporter-output>
  </reporter-output>
  <suite name="Default suite" duration-ms="2123" started-at="2022-06-05T07:02:40Z" finished-at="2022-06-05T07:02:42Z">
    <groups>
    </groups>
    <test name="Default test" duration-ms="2123" started-at="2022-06-05T07:02:40Z" finished-at="2022-06-05T07:02:42Z">
      <class name="oAuth.oAuth">
        <test-method status="PASS" signature="test1()[pri:0, instance:oAuth.oAuth@69b0fd6f]" name="test1" duration-ms="2098" started-at="2022-06-05T07:02:40Z" finished-at="2022-06-05T07:02:42Z">
          <reporter-output>
          </reporter-output>
        </test-method> <!-- test1 -->
      </class> <!-- oAuth.oAuth -->
    </test> <!-- Default test -->
  </suite> <!-- Default suite -->
</testng-results>
